# JRE version: Java(TM) SE Runtime Environment (8.0_151-b12) (build 1.8.0_151-b12)
# Java VM: Java HotSpot(TM) 64-Bit Server VM (25.151-b12 mixed mode linux-amd64 compressed oops)
Heap:
 PSYoungGen      total 503296K, used 24059K [0x000000076d100000, 0x000000078e700000, 0x00000007c0000000)
  eden space 479232K, 0% used [0x000000076d100000,0x000000076d100000,0x000000078a500000)
  from space 24064K, 99% used [0x000000078b800000,0x000000078cf7ee18,0x000000078cf80000)
  to   space 7168K, 0% used [0x000000078e000000,0x000000078e000000,0x000000078e700000)
 ParOldGen       total 104960K, used 23372K [0x00000006c7200000, 0x00000006cd880000, 0x000000076d100000)
  object space 104960K, 22% used [0x00000006c7200000,0x00000006c88d3078,0x00000006cd880000)
 Metaspace       used 35160K, capacity 35250K, committed 35496K, reserved 1081344K
  class space    used 4551K, capacity 4575K, committed 4656K, reserved 1048576K
GC Heap History (10 events):
Event: 6,466 GC heap after
Heap after GC invocations=3 (full 0):
 PSYoungGen      total 139264K, used 10224K [0x000000076d100000, 0x000000077e100000, 0x00000007c0000000)
  eden space 129024K, 0% used [0x000000076d100000,0x000000076d100000,0x0000000774f00000)
  from space 10240K, 99% used [0x0000000774f00000,0x00000007758fc140,0x0000000775900000)
  to   space 10240K, 0% used [0x000000077d700000,0x000000077d700000,0x000000077e100000)
 ParOldGen       total 171008K, used 7559K [0x00000006c7200000, 0x00000006d1900000, 0x000000076d100000)
  object space 171008K, 4% used [0x00000006c7200000,0x00000006c7961d20,0x00000006d1900000)
 Metaspace       used 12666K, capacity 12776K, committed 13056K, reserved 1060864K
  class space    used 1698K, capacity 1720K, committed 1792K, reserved 1048576K
}
Event: 6,999 GC heap before
{Heap before GC invocations=4 (full 0):
 PSYoungGen      total 139264K, used 139248K [0x000000076d100000, 0x000000077e100000, 0x00000007c0000000)
  eden space 129024K, 100% used [0x000000076d100000,0x0000000774f00000,0x0000000774f00000)
  from space 10240K, 99% used [0x0000000774f00000,0x00000007758fc140,0x0000000775900000)
  to   space 10240K, 0% used [0x000000077d700000,0x000000077d700000,0x000000077e100000)
 ParOldGen       total 171008K, used 7559K [0x00000006c7200000, 0x00000006d1900000, 0x000000076d100000)
  object space 171008K, 4% used [0x00000006c7200000,0x00000006c7961d20,0x00000006d1900000)
 Metaspace       used 17286K, capacity 17384K, committed 17408K, reserved 1064960K
  class space    used 2268K, capacity 2296K, committed 2304K, reserved 1048576K
Event: 7,020 GC heap after
Heap after GC invocations=4 (full 0):
 PSYoungGen      total 268288K, used 10231K [0x000000076d100000, 0x000000077e100000, 0x00000007c0000000)
  eden space 258048K, 0% used [0x000000076d100000,0x000000076d100000,0x000000077cd00000)
  from space 10240K, 99% used [0x000000077d700000,0x000000077e0fdc28,0x000000077e100000)
  to   space 10240K, 0% used [0x000000077cd00000,0x000000077cd00000,0x000000077d700000)
 ParOldGen       total 171008K, used 14636K [0x00000006c7200000, 0x00000006d1900000, 0x000000076d100000)
  object space 171008K, 8% used [0x00000006c7200000,0x00000006c804b238,0x00000006d1900000)
 Metaspace       used 17286K, capacity 17384K, committed 17408K, reserved 1064960K
  class space    used 2268K, capacity 2296K, committed 2304K, reserved 1048576K
}
Event: 8,266 GC heap before
{Heap before GC invocations=5 (full 0):
 PSYoungGen      total 268288K, used 134735K [0x000000076d100000, 0x000000077e100000, 0x00000007c0000000)
  eden space 258048K, 48% used [0x000000076d100000,0x0000000774a961c8,0x000000077cd00000)
  from space 10240K, 99% used [0x000000077d700000,0x000000077e0fdc28,0x000000077e100000)
  to   space 10240K, 0% used [0x000000077cd00000,0x000000077cd00000,0x000000077d700000)
 ParOldGen       total 171008K, used 14636K [0x00000006c7200000, 0x00000006d1900000, 0x000000076d100000)
  object space 171008K, 8% used [0x00000006c7200000,0x00000006c804b238,0x00000006d1900000)
 Metaspace       used 21128K, capacity 21192K, committed 21296K, reserved 1067008K
  class space    used 2832K, capacity 2840K, committed 2864K, reserved 1048576K
Event: 8,294 GC heap after
Heap after GC invocations=5 (full 0):
 PSYoungGen      total 268288K, used 10224K [0x000000076d100000, 0x000000078f700000, 0x00000007c0000000)
  eden space 258048K, 0% used [0x000000076d100000,0x000000076d100000,0x000000077cd00000)
  from space 10240K, 99% used [0x000000077cd00000,0x000000077d6fc3e8,0x000000077d700000)
  to   space 23552K, 0% used [0x000000078e000000,0x000000078e000000,0x000000078f700000)
 ParOldGen       total 171008K, used 24287K [0x00000006c7200000, 0x00000006d1900000, 0x000000076d100000)
  object space 171008K, 14% used [0x00000006c7200000,0x00000006c89b7cc8,0x00000006d1900000)
 Metaspace       used 21128K, capacity 21192K, committed 21296K, reserved 1067008K
  class space    used 2832K, capacity 2840K, committed 2864K, reserved 1048576K
}
Event: 8,297 GC heap before
{Heap before GC invocations=6 (full 1):
 PSYoungGen      total 268288K, used 10224K [0x000000076d100000, 0x000000078f700000, 0x00000007c0000000)
  eden space 258048K, 0% used [0x000000076d100000,0x000000076d100000,0x000000077cd00000)
  from space 10240K, 99% used [0x000000077cd00000,0x000000077d6fc3e8,0x000000077d700000)
  to   space 23552K, 0% used [0x000000078e000000,0x000000078e000000,0x000000078f700000)
 ParOldGen       total 171008K, used 24287K [0x00000006c7200000, 0x00000006d1900000, 0x000000076d100000)
  object space 171008K, 14% used [0x00000006c7200000,0x00000006c89b7cc8,0x00000006d1900000)
 Metaspace       used 21128K, capacity 21192K, committed 21296K, reserved 1067008K
  class space    used 2832K, capacity 2840K, committed 2864K, reserved 1048576K
Event: 8,328 GC heap after
Heap after GC invocations=6 (full 1):
 PSYoungGen      total 268288K, used 0K [0x000000076d100000, 0x000000078f700000, 0x00000007c0000000)
  eden space 258048K, 0% used [0x000000076d100000,0x000000076d100000,0x000000077cd00000)
  from space 10240K, 0% used [0x000000077cd00000,0x000000077cd00000,0x000000077d700000)
  to   space 23552K, 0% used [0x000000078e000000,0x000000078e000000,0x000000078f700000)
 ParOldGen       total 104960K, used 19436K [0x00000006c7200000, 0x00000006cd880000, 0x000000076d100000)
  object space 104960K, 18% used [0x00000006c7200000,0x00000006c84fb388,0x00000006cd880000)
 Metaspace       used 21128K, capacity 21192K, committed 21296K, reserved 1067008K
  class space    used 2832K, capacity 2840K, committed 2864K, reserved 1048576K
}
Event: 9,508 GC heap before
{Heap before GC invocations=7 (full 1):
 PSYoungGen      total 268288K, used 258048K [0x000000076d100000, 0x000000078f700000, 0x00000007c0000000)
  eden space 258048K, 100% used [0x000000076d100000,0x000000077cd00000,0x000000077cd00000)
  from space 10240K, 0% used [0x000000077cd00000,0x000000077cd00000,0x000000077d700000)
  to   space 23552K, 0% used [0x000000078e000000,0x000000078e000000,0x000000078f700000)
 ParOldGen       total 104960K, used 19436K [0x00000006c7200000, 0x00000006cd880000, 0x000000076d100000)
  object space 104960K, 18% used [0x00000006c7200000,0x00000006c84fb388,0x00000006cd880000)
 Metaspace       used 24928K, capacity 25096K, committed 25264K, reserved 1071104K
  class space    used 3370K, capacity 3416K, committed 3504K, reserved 1048576K
Event: 9,516 GC heap after
Heap after GC invocations=7 (full 1):
 PSYoungGen      total 486400K, used 7071K [0x000000076d100000, 0x000000078e700000, 0x00000007c0000000)
  eden space 479232K, 0% used [0x000000076d100000,0x000000076d100000,0x000000078a500000)
  from space 7168K, 98% used [0x000000078e000000,0x000000078e6e7fa8,0x000000078e700000)
  to   space 24064K, 0% used [0x000000078b800000,0x000000078b800000,0x000000078cf80000)
 ParOldGen       total 104960K, used 19444K [0x00000006c7200000, 0x00000006cd880000, 0x000000076d100000)
  object space 104960K, 18% used [0x00000006c7200000,0x00000006c84fd388,0x00000006cd880000)
 Metaspace       used 24928K, capacity 25096K, committed 25264K, reserved 1071104K
  class space    used 3370K, capacity 3416K, committed 3504K, reserved 1048576K
}
Event: 11,822 GC heap before
{Heap before GC invocations=8 (full 1):
 PSYoungGen      total 486400K, used 447648K [0x000000076d100000, 0x000000078e700000, 0x00000007c0000000)
  eden space 479232K, 91% used [0x000000076d100000,0x0000000787f40410,0x000000078a500000)
  from space 7168K, 98% used [0x000000078e000000,0x000000078e6e7fa8,0x000000078e700000)
  to   space 24064K, 0% used [0x000000078b800000,0x000000078b800000,0x000000078cf80000)
 ParOldGen       total 104960K, used 19444K [0x00000006c7200000, 0x00000006cd880000, 0x000000076d100000)
  object space 104960K, 18% used [0x00000006c7200000,0x00000006c84fd388,0x00000006cd880000)
 Metaspace       used 35160K, capacity 35250K, committed 35496K, reserved 1081344K
  class space    used 4551K, capacity 4575K, committed 4656K, reserved 1048576K

